**********************
PowerShell transcript start
Start time: 20200913011456
Username: PYROMANIAC\efras
RunAs User: PYROMANIAC\efras
Configuration Name: 
Machine: PYROMANIAC (Microsoft Windows NT 10.0.19041.0)
Host Application: C:\env\ps7\pwsh.dll -NoProfile -NonInteractive -ExecutionPolicy Bypass -Command Import-Module 'c:\Users\efras\.vscode\extensions\ms-vscode.powershell-preview-2020.7.0\modules\PowerShellEditorServices\PowerShellEditorServices.psd1'; Start-EditorServices -HostName 'Visual Studio Code Host' -HostProfileId 'Microsoft.VSCode' -HostVersion '2020.7.0' -AdditionalModules @('PowerShellEditorServices.VSCode') -BundledModulesPath 'c:\Users\efras\.vscode\extensions\ms-vscode.powershell-preview-2020.7.0\modules' -EnableConsoleRepl -StartupBanner '=====> PowerShell Preview Integrated Console v2020.7.0 <=====
' -LogLevel 'Normal' -LogPath 'c:\Users\efras\.vscode\extensions\ms-vscode.powershell-preview-2020.7.0\logs\1599951781-f9a7a973-9c01-4fe4-97b3-af277a7356d61599951775879\EditorServices.log' -SessionDetailsPath 'c:\Users\efras\.vscode\extensions\ms-vscode.powershell-preview-2020.7.0\sessions\PSES-VSCode-27076-180650' -FeatureFlags @() 
Process ID: 28404
PSVersion: 7.1.0-preview.6
PSEdition: Core
GitCommitId: 7.1.0-preview.6
OS: Microsoft Windows 10.0.19041
Platform: Win32NT
PSCompatibleVersions: 1.0, 2.0, 3.0, 4.0, 5.0, 5.1.10032.0, 6.0.0, 6.1.0, 6.2.0, 7.0.0, 7.1.0
PSRemotingProtocolVersion: 2.3
SerializationVersion: 1.1.0.1
WSManStackVersion: 3.0
**********************
Transcript started, output file is C:\Repos\PyroADF\solution\ADF.procfwk\MetadataDB\executionlog_20200913011456626.log
Batch Execution Date   : 09/13/2020 01:14:56
Server Name            : acazmssql01.database.windows.net
Database Name          : AcAzMetadataDB
User Name              : emilefraser
Executed By            : PYROMANIAC\efras
Script Path            : C:\Repos\PyroADF\solution\ADF.procfwk\MetadataDB
Log File               : C:\Repos\PyroADF\solution\ADF.procfwk\MetadataDB\executionlog_20200913011456626.log
****************************************************************************************************
dbatools module already exists
****** All Security Files Processed Successfully ******
****** PROCESSING C:\Repos\PyroADF\solution\ADF.procfwk\MetadataDB\bin\Debug\MetadataDB_Create.sql FILE ******
PS>TerminatingError(): "Exception calling "Fill" with "1" argument(s): "Incorrect syntax near ':'.
An object or column name is missing or empty. For SELECT INTO statements, verify each column has a name. For other statements, look for empty alias names. Aliases defined as "" or [] are not allowed. Change the alias to a valid name.
An object or column name is missing or empty. For SELECT INTO statements, verify each column has a name. For other statements, look for empty alias names. Aliases defined as "" or [] are not allowed. Change the alias to a valid name.""
>> TerminatingError(): "Exception calling "Fill" with "1" argument(s): "Incorrect syntax near ':'.
An object or column name is missing or empty. For SELECT INTO statements, verify each column has a name. For other statements, look for empty alias names. Aliases defined as "" or [] are not allowed. Change the alias to a valid name.
An object or column name is missing or empty. For SELECT INTO statements, verify each column has a name. For other statements, look for empty alias names. Aliases defined as "" or [] are not allowed. Change the alias to a valid name.""
PS>TerminatingError(): "Incorrect syntax near ':'.
An object or column name is missing or empty. For SELECT INTO statements, verify each column has a name. For other statements, look for empty alias names. Aliases defined as "" or [] are not allowed. Change the alias to a valid name.
An object or column name is missing or empty. For SELECT INTO statements, verify each column has a name. For other statements, look for empty alias names. Aliases defined as "" or [] are not allowed. Change the alias to a valid name."
>> TerminatingError(): "Incorrect syntax near ':'.
An object or column name is missing or empty. For SELECT INTO statements, verify each column has a name. For other statements, look for empty alias names. Aliases defined as "" or [] are not allowed. Change the alias to a valid name.
An object or column name is missing or empty. For SELECT INTO statements, verify each column has a name. For other statements, look for empty alias names. Aliases defined as "" or [] are not allowed. Change the alias to a valid name."
******FAILED PROCESSING C:\Repos\PyroADF\solution\ADF.procfwk\MetadataDB\bin\Debug\MetadataDB_Create.sql FILE ******
Incorrect syntax near ':'.
An object or column name is missing or empty. For SELECT INTO statements, verify each column has a name. For other statements, look for empty alias names. Aliases defined as "" or [] are not allowed. Change the alias to a valid name.
An object or column name is missing or empty. For SELECT INTO statements, verify each column has a name. For other statements, look for empty alias names. Aliases defined as "" or [] are not allowed. Change the alias to a valid name.
****************************************************************************************************
****** PROCESSING C:\Repos\PyroADF\solution\ADF.procfwk\MetadataDB\bin\Debug\MetadataDB.sql FILE ******
PS>TerminatingError(): "Exception calling "Fill" with "1" argument(s): "Incorrect syntax near ':'.""
>> TerminatingError(): "Exception calling "Fill" with "1" argument(s): "Incorrect syntax near ':'.""
PS>TerminatingError(): "Incorrect syntax near ':'."
>> TerminatingError(): "Incorrect syntax near ':'."
******FAILED PROCESSING C:\Repos\PyroADF\solution\ADF.procfwk\MetadataDB\bin\Debug\MetadataDB.sql FILE ******
Incorrect syntax near ':'.
****************************************************************************************************
****** PROCESSING C:\Repos\PyroADF\solution\ADF.procfwk\MetadataDB\dbo\Stored Procedures\ExampleCustomExecutionPrecursor.sql FILE ******
PS>TerminatingError(): "Exception calling "Fill" with "1" argument(s): "There is already an object named 'ExampleCustomExecutionPrecursor' in the database.""
>> TerminatingError(): "Exception calling "Fill" with "1" argument(s): "There is already an object named 'ExampleCustomExecutionPrecursor' in the database.""
PS>TerminatingError(): "There is already an object named 'ExampleCustomExecutionPrecursor' in the database."
>> TerminatingError(): "There is already an object named 'ExampleCustomExecutionPrecursor' in the database."
******FAILED PROCESSING C:\Repos\PyroADF\solution\ADF.procfwk\MetadataDB\dbo\Stored Procedures\ExampleCustomExecutionPrecursor.sql FILE ******
There is already an object named 'ExampleCustomExecutionPrecursor' in the database.
****************************************************************************************************
****** PROCESSING C:\Repos\PyroADF\solution\ADF.procfwk\MetadataDB\dbo\Stored Procedures\FailProcedure.sql FILE ******
PS>TerminatingError(): "Exception calling "Fill" with "1" argument(s): "There is already an object named 'FailProcedure' in the database.""
>> TerminatingError(): "Exception calling "Fill" with "1" argument(s): "There is already an object named 'FailProcedure' in the database.""
PS>TerminatingError(): "There is already an object named 'FailProcedure' in the database."
>> TerminatingError(): "There is already an object named 'FailProcedure' in the database."
******FAILED PROCESSING C:\Repos\PyroADF\solution\ADF.procfwk\MetadataDB\dbo\Stored Procedures\FailProcedure.sql FILE ******
There is already an object named 'FailProcedure' in the database.
****************************************************************************************************
****** PROCESSING C:\Repos\PyroADF\solution\ADF.procfwk\MetadataDB\dbo\Tables\ServicePrincipals.sql FILE ******
PS>TerminatingError(): "Exception calling "Fill" with "1" argument(s): "There is already an object named 'ServicePrincipals' in the database.""
>> TerminatingError(): "Exception calling "Fill" with "1" argument(s): "There is already an object named 'ServicePrincipals' in the database.""
PS>TerminatingError(): "There is already an object named 'ServicePrincipals' in the database."
>> TerminatingError(): "There is already an object named 'ServicePrincipals' in the database."
******FAILED PROCESSING C:\Repos\PyroADF\solution\ADF.procfwk\MetadataDB\dbo\Tables\ServicePrincipals.sql FILE ******
There is already an object named 'ServicePrincipals' in the database.
****************************************************************************************************
****** PROCESSING C:\Repos\PyroADF\solution\ADF.procfwk\MetadataDB\procfwk\Functions\GetPropertyValueInternal.sql FILE ******
******SUCCESSFULLY PROCESSED C:\Repos\PyroADF\solution\ADF.procfwk\MetadataDB\procfwk\Functions\GetPropertyValueInternal.sql FILE ******
****************************************************************************************************
****** PROCESSING C:\Repos\PyroADF\solution\ADF.procfwk\MetadataDB\procfwk\Stored Procedures\CheckForBlockedPipelines.sql FILE ******
The module 'CheckForBlockedPipelines' depends on the missing object 'procfwk.SetExecutionBlockDependants'. The module will still be created; however, it cannot run successfully until the object exists.
******SUCCESSFULLY PROCESSED C:\Repos\PyroADF\solution\ADF.procfwk\MetadataDB\procfwk\Stored Procedures\CheckForBlockedPipelines.sql FILE ******
****************************************************************************************************
****** PROCESSING C:\Repos\PyroADF\solution\ADF.procfwk\MetadataDB\procfwk\Stored Procedures\CheckForEmailAlerts.sql FILE ******
******SUCCESSFULLY PROCESSED C:\Repos\PyroADF\solution\ADF.procfwk\MetadataDB\procfwk\Stored Procedures\CheckForEmailAlerts.sql FILE ******
****************************************************************************************************
****** PROCESSING C:\Repos\PyroADF\solution\ADF.procfwk\MetadataDB\procfwk\Stored Procedures\CheckMetadataIntegrity.sql FILE ******
******SUCCESSFULLY PROCESSED C:\Repos\PyroADF\solution\ADF.procfwk\MetadataDB\procfwk\Stored Procedures\CheckMetadataIntegrity.sql FILE ******
****************************************************************************************************
****** PROCESSING C:\Repos\PyroADF\solution\ADF.procfwk\MetadataDB\procfwk\Stored Procedures\CreateNewExecution.sql FILE ******
******SUCCESSFULLY PROCESSED C:\Repos\PyroADF\solution\ADF.procfwk\MetadataDB\procfwk\Stored Procedures\CreateNewExecution.sql FILE ******
****************************************************************************************************
****** PROCESSING C:\Repos\PyroADF\solution\ADF.procfwk\MetadataDB\procfwk\Stored Procedures\ExecutePrecursorProcedure.sql FILE ******
******SUCCESSFULLY PROCESSED C:\Repos\PyroADF\solution\ADF.procfwk\MetadataDB\procfwk\Stored Procedures\ExecutePrecursorProcedure.sql FILE ******
****************************************************************************************************
****** PROCESSING C:\Repos\PyroADF\solution\ADF.procfwk\MetadataDB\procfwk\Stored Procedures\ExecutionWrapper.sql FILE ******
The module 'ExecutionWrapper' depends on the missing object 'procfwk.ResetExecution'. The module will still be created; however, it cannot run successfully until the object exists.
The module 'ExecutionWrapper' depends on the missing object 'procfwk.UpdateExecutionLog'. The module will still be created; however, it cannot run successfully until the object exists.
******SUCCESSFULLY PROCESSED C:\Repos\PyroADF\solution\ADF.procfwk\MetadataDB\procfwk\Stored Procedures\ExecutionWrapper.sql FILE ******
****************************************************************************************************
****** PROCESSING C:\Repos\PyroADF\solution\ADF.procfwk\MetadataDB\procfwk\Stored Procedures\GetEmailAlertParts.sql FILE ******
******SUCCESSFULLY PROCESSED C:\Repos\PyroADF\solution\ADF.procfwk\MetadataDB\procfwk\Stored Procedures\GetEmailAlertParts.sql FILE ******
****************************************************************************************************
****** PROCESSING C:\Repos\PyroADF\solution\ADF.procfwk\MetadataDB\procfwk\Stored Procedures\GetPipelineParameters.sql FILE ******
******SUCCESSFULLY PROCESSED C:\Repos\PyroADF\solution\ADF.procfwk\MetadataDB\procfwk\Stored Procedures\GetPipelineParameters.sql FILE ******
****************************************************************************************************
****** PROCESSING C:\Repos\PyroADF\solution\ADF.procfwk\MetadataDB\procfwk\Stored Procedures\GetPipelinesInStage.sql FILE ******
******SUCCESSFULLY PROCESSED C:\Repos\PyroADF\solution\ADF.procfwk\MetadataDB\procfwk\Stored Procedures\GetPipelinesInStage.sql FILE ******
****************************************************************************************************
****** PROCESSING C:\Repos\PyroADF\solution\ADF.procfwk\MetadataDB\procfwk\Stored Procedures\GetPropertyValue.sql FILE ******
******SUCCESSFULLY PROCESSED C:\Repos\PyroADF\solution\ADF.procfwk\MetadataDB\procfwk\Stored Procedures\GetPropertyValue.sql FILE ******
****************************************************************************************************
****** PROCESSING C:\Repos\PyroADF\solution\ADF.procfwk\MetadataDB\procfwk\Stored Procedures\GetServicePrincipal.sql FILE ******
******SUCCESSFULLY PROCESSED C:\Repos\PyroADF\solution\ADF.procfwk\MetadataDB\procfwk\Stored Procedures\GetServicePrincipal.sql FILE ******
****************************************************************************************************
****** PROCESSING C:\Repos\PyroADF\solution\ADF.procfwk\MetadataDB\procfwk\Stored Procedures\GetStages.sql FILE ******
******SUCCESSFULLY PROCESSED C:\Repos\PyroADF\solution\ADF.procfwk\MetadataDB\procfwk\Stored Procedures\GetStages.sql FILE ******
****************************************************************************************************
****** PROCESSING C:\Repos\PyroADF\solution\ADF.procfwk\MetadataDB\procfwk\Stored Procedures\ResetExecution.sql FILE ******
******SUCCESSFULLY PROCESSED C:\Repos\PyroADF\solution\ADF.procfwk\MetadataDB\procfwk\Stored Procedures\ResetExecution.sql FILE ******
****************************************************************************************************
****** PROCESSING C:\Repos\PyroADF\solution\ADF.procfwk\MetadataDB\procfwk\Stored Procedures\SetErrorLogDetails.sql FILE ******
******SUCCESSFULLY PROCESSED C:\Repos\PyroADF\solution\ADF.procfwk\MetadataDB\procfwk\Stored Procedures\SetErrorLogDetails.sql FILE ******
****************************************************************************************************
****** PROCESSING C:\Repos\PyroADF\solution\ADF.procfwk\MetadataDB\procfwk\Stored Procedures\SetExecutionBlockDependants.sql FILE ******
******SUCCESSFULLY PROCESSED C:\Repos\PyroADF\solution\ADF.procfwk\MetadataDB\procfwk\Stored Procedures\SetExecutionBlockDependants.sql FILE ******
****************************************************************************************************
****** PROCESSING C:\Repos\PyroADF\solution\ADF.procfwk\MetadataDB\procfwk\Stored Procedures\SetLogActivityFailed.sql FILE ******
******SUCCESSFULLY PROCESSED C:\Repos\PyroADF\solution\ADF.procfwk\MetadataDB\procfwk\Stored Procedures\SetLogActivityFailed.sql FILE ******
****************************************************************************************************
****** PROCESSING C:\Repos\PyroADF\solution\ADF.procfwk\MetadataDB\procfwk\Stored Procedures\SetLogPipelineCancelled.sql FILE ******
******SUCCESSFULLY PROCESSED C:\Repos\PyroADF\solution\ADF.procfwk\MetadataDB\procfwk\Stored Procedures\SetLogPipelineCancelled.sql FILE ******
****************************************************************************************************
****** PROCESSING C:\Repos\PyroADF\solution\ADF.procfwk\MetadataDB\procfwk\Stored Procedures\SetLogPipelineChecking.sql FILE ******
******SUCCESSFULLY PROCESSED C:\Repos\PyroADF\solution\ADF.procfwk\MetadataDB\procfwk\Stored Procedures\SetLogPipelineChecking.sql FILE ******
****************************************************************************************************
****** PROCESSING C:\Repos\PyroADF\solution\ADF.procfwk\MetadataDB\procfwk\Stored Procedures\SetLogPipelineFailed.sql FILE ******
******SUCCESSFULLY PROCESSED C:\Repos\PyroADF\solution\ADF.procfwk\MetadataDB\procfwk\Stored Procedures\SetLogPipelineFailed.sql FILE ******
****************************************************************************************************
****** PROCESSING C:\Repos\PyroADF\solution\ADF.procfwk\MetadataDB\procfwk\Stored Procedures\SetLogPipelineLastStatusCheck.sql FILE ******
******SUCCESSFULLY PROCESSED C:\Repos\PyroADF\solution\ADF.procfwk\MetadataDB\procfwk\Stored Procedures\SetLogPipelineLastStatusCheck.sql FILE ******
****************************************************************************************************
****** PROCESSING C:\Repos\PyroADF\solution\ADF.procfwk\MetadataDB\procfwk\Stored Procedures\SetLogPipelineRunId.sql FILE ******
******SUCCESSFULLY PROCESSED C:\Repos\PyroADF\solution\ADF.procfwk\MetadataDB\procfwk\Stored Procedures\SetLogPipelineRunId.sql FILE ******
****************************************************************************************************
****** PROCESSING C:\Repos\PyroADF\solution\ADF.procfwk\MetadataDB\procfwk\Stored Procedures\SetLogPipelineRunning.sql FILE ******
******SUCCESSFULLY PROCESSED C:\Repos\PyroADF\solution\ADF.procfwk\MetadataDB\procfwk\Stored Procedures\SetLogPipelineRunning.sql FILE ******
****************************************************************************************************
****** PROCESSING C:\Repos\PyroADF\solution\ADF.procfwk\MetadataDB\procfwk\Stored Procedures\SetLogPipelineSuccess.sql FILE ******
******SUCCESSFULLY PROCESSED C:\Repos\PyroADF\solution\ADF.procfwk\MetadataDB\procfwk\Stored Procedures\SetLogPipelineSuccess.sql FILE ******
****************************************************************************************************
****** PROCESSING C:\Repos\PyroADF\solution\ADF.procfwk\MetadataDB\procfwk\Stored Procedures\SetLogPipelineUnknown.sql FILE ******
******SUCCESSFULLY PROCESSED C:\Repos\PyroADF\solution\ADF.procfwk\MetadataDB\procfwk\Stored Procedures\SetLogPipelineUnknown.sql FILE ******
****************************************************************************************************
****** PROCESSING C:\Repos\PyroADF\solution\ADF.procfwk\MetadataDB\procfwk\Stored Procedures\SetLogStagePreparing.sql FILE ******
******SUCCESSFULLY PROCESSED C:\Repos\PyroADF\solution\ADF.procfwk\MetadataDB\procfwk\Stored Procedures\SetLogStagePreparing.sql FILE ******
****************************************************************************************************
****** PROCESSING C:\Repos\PyroADF\solution\ADF.procfwk\MetadataDB\procfwk\Stored Procedures\UpdateExecutionLog.sql FILE ******
******SUCCESSFULLY PROCESSED C:\Repos\PyroADF\solution\ADF.procfwk\MetadataDB\procfwk\Stored Procedures\UpdateExecutionLog.sql FILE ******
****************************************************************************************************
****** PROCESSING C:\Repos\PyroADF\solution\ADF.procfwk\MetadataDB\procfwk\Synonyms\AddPipelineDependant.sql FILE ******
******SUCCESSFULLY PROCESSED C:\Repos\PyroADF\solution\ADF.procfwk\MetadataDB\procfwk\Synonyms\AddPipelineDependant.sql FILE ******
****************************************************************************************************
****** PROCESSING C:\Repos\PyroADF\solution\ADF.procfwk\MetadataDB\procfwk\Synonyms\AddProperty.sql FILE ******
******SUCCESSFULLY PROCESSED C:\Repos\PyroADF\solution\ADF.procfwk\MetadataDB\procfwk\Synonyms\AddProperty.sql FILE ******
****************************************************************************************************
****** PROCESSING C:\Repos\PyroADF\solution\ADF.procfwk\MetadataDB\procfwk\Synonyms\AddRecipientPipelineAlerts.sql FILE ******
******SUCCESSFULLY PROCESSED C:\Repos\PyroADF\solution\ADF.procfwk\MetadataDB\procfwk\Synonyms\AddRecipientPipelineAlerts.sql FILE ******
****************************************************************************************************
****** PROCESSING C:\Repos\PyroADF\solution\ADF.procfwk\MetadataDB\procfwk\Synonyms\AddServicePrincipal.sql FILE ******
******SUCCESSFULLY PROCESSED C:\Repos\PyroADF\solution\ADF.procfwk\MetadataDB\procfwk\Synonyms\AddServicePrincipal.sql FILE ******
****************************************************************************************************
****** PROCESSING C:\Repos\PyroADF\solution\ADF.procfwk\MetadataDB\procfwk\Synonyms\AddServicePrincipalUrls.sql FILE ******
******SUCCESSFULLY PROCESSED C:\Repos\PyroADF\solution\ADF.procfwk\MetadataDB\procfwk\Synonyms\AddServicePrincipalUrls.sql FILE ******
****************************************************************************************************
****** PROCESSING C:\Repos\PyroADF\solution\ADF.procfwk\MetadataDB\procfwk\Synonyms\AddServicePrincipalWrapper.sql FILE ******
******SUCCESSFULLY PROCESSED C:\Repos\PyroADF\solution\ADF.procfwk\MetadataDB\procfwk\Synonyms\AddServicePrincipalWrapper.sql FILE ******
****************************************************************************************************
****** PROCESSING C:\Repos\PyroADF\solution\ADF.procfwk\MetadataDB\procfwk\Synonyms\AverageStageDuration.sql FILE ******
******SUCCESSFULLY PROCESSED C:\Repos\PyroADF\solution\ADF.procfwk\MetadataDB\procfwk\Synonyms\AverageStageDuration.sql FILE ******
****************************************************************************************************
****** PROCESSING C:\Repos\PyroADF\solution\ADF.procfwk\MetadataDB\procfwk\Synonyms\CheckForValidURL.sql FILE ******
******SUCCESSFULLY PROCESSED C:\Repos\PyroADF\solution\ADF.procfwk\MetadataDB\procfwk\Synonyms\CheckForValidURL.sql FILE ******
****************************************************************************************************
****** PROCESSING C:\Repos\PyroADF\solution\ADF.procfwk\MetadataDB\procfwk\Synonyms\CheckStageAndPiplineIntegrity.sql FILE ******
******SUCCESSFULLY PROCESSED C:\Repos\PyroADF\solution\ADF.procfwk\MetadataDB\procfwk\Synonyms\CheckStageAndPiplineIntegrity.sql FILE ******
****************************************************************************************************
****** PROCESSING C:\Repos\PyroADF\solution\ADF.procfwk\MetadataDB\procfwk\Synonyms\CompleteExecutionErrorLog.sql FILE ******
******SUCCESSFULLY PROCESSED C:\Repos\PyroADF\solution\ADF.procfwk\MetadataDB\procfwk\Synonyms\CompleteExecutionErrorLog.sql FILE ******
****************************************************************************************************
****** PROCESSING C:\Repos\PyroADF\solution\ADF.procfwk\MetadataDB\procfwk\Synonyms\CompleteExecutionLog.sql FILE ******
******SUCCESSFULLY PROCESSED C:\Repos\PyroADF\solution\ADF.procfwk\MetadataDB\procfwk\Synonyms\CompleteExecutionLog.sql FILE ******
****************************************************************************************************
****** PROCESSING C:\Repos\PyroADF\solution\ADF.procfwk\MetadataDB\procfwk\Synonyms\CurrentExecutionSummary.sql FILE ******
******SUCCESSFULLY PROCESSED C:\Repos\PyroADF\solution\ADF.procfwk\MetadataDB\procfwk\Synonyms\CurrentExecutionSummary.sql FILE ******
****************************************************************************************************
****** PROCESSING C:\Repos\PyroADF\solution\ADF.procfwk\MetadataDB\procfwk\Synonyms\DataFactoryDetails.sql FILE ******
******SUCCESSFULLY PROCESSED C:\Repos\PyroADF\solution\ADF.procfwk\MetadataDB\procfwk\Synonyms\DataFactoryDetails.sql FILE ******
****************************************************************************************************
****** PROCESSING C:\Repos\PyroADF\solution\ADF.procfwk\MetadataDB\procfwk\Synonyms\DeleteRecipientAlerts.sql FILE ******
******SUCCESSFULLY PROCESSED C:\Repos\PyroADF\solution\ADF.procfwk\MetadataDB\procfwk\Synonyms\DeleteRecipientAlerts.sql FILE ******
****************************************************************************************************
****** PROCESSING C:\Repos\PyroADF\solution\ADF.procfwk\MetadataDB\procfwk\Synonyms\DeleteServicePrincipal.sql FILE ******
******SUCCESSFULLY PROCESSED C:\Repos\PyroADF\solution\ADF.procfwk\MetadataDB\procfwk\Synonyms\DeleteServicePrincipal.sql FILE ******
****************************************************************************************************
****** PROCESSING C:\Repos\PyroADF\solution\ADF.procfwk\MetadataDB\procfwk\Synonyms\GetExecutionDetails.sql FILE ******
******SUCCESSFULLY PROCESSED C:\Repos\PyroADF\solution\ADF.procfwk\MetadataDB\procfwk\Synonyms\GetExecutionDetails.sql FILE ******
****************************************************************************************************
****** PROCESSING C:\Repos\PyroADF\solution\ADF.procfwk\MetadataDB\procfwk\Synonyms\LastExecution.sql FILE ******
******SUCCESSFULLY PROCESSED C:\Repos\PyroADF\solution\ADF.procfwk\MetadataDB\procfwk\Synonyms\LastExecution.sql FILE ******
****************************************************************************************************
****** PROCESSING C:\Repos\PyroADF\solution\ADF.procfwk\MetadataDB\procfwk\Synonyms\LastExecutionSummary.sql FILE ******
******SUCCESSFULLY PROCESSED C:\Repos\PyroADF\solution\ADF.procfwk\MetadataDB\procfwk\Synonyms\LastExecutionSummary.sql FILE ******
****************************************************************************************************
****** PROCESSING C:\Repos\PyroADF\solution\ADF.procfwk\MetadataDB\procfwk\Synonyms\PipelineDependencyChains.sql FILE ******
******SUCCESSFULLY PROCESSED C:\Repos\PyroADF\solution\ADF.procfwk\MetadataDB\procfwk\Synonyms\PipelineDependencyChains.sql FILE ******
****************************************************************************************************
****** PROCESSING C:\Repos\PyroADF\solution\ADF.procfwk\MetadataDB\procfwk\Synonyms\PipelineProcesses.sql FILE ******
******SUCCESSFULLY PROCESSED C:\Repos\PyroADF\solution\ADF.procfwk\MetadataDB\procfwk\Synonyms\PipelineProcesses.sql FILE ******
****************************************************************************************************
****** PROCESSING C:\Repos\PyroADF\solution\ADF.procfwk\MetadataDB\procfwk\Synonyms\ProcessingStageDetails.sql FILE ******
******SUCCESSFULLY PROCESSED C:\Repos\PyroADF\solution\ADF.procfwk\MetadataDB\procfwk\Synonyms\ProcessingStageDetails.sql FILE ******
****************************************************************************************************
****** PROCESSING C:\Repos\PyroADF\solution\ADF.procfwk\MetadataDB\procfwk\Synonyms\WorkerParallelismOverTime.sql FILE ******
******SUCCESSFULLY PROCESSED C:\Repos\PyroADF\solution\ADF.procfwk\MetadataDB\procfwk\Synonyms\WorkerParallelismOverTime.sql FILE ******
****************************************************************************************************
****** PROCESSING C:\Repos\PyroADF\solution\ADF.procfwk\MetadataDB\procfwk\Tables\AlertOutcomes.sql FILE ******
******SUCCESSFULLY PROCESSED C:\Repos\PyroADF\solution\ADF.procfwk\MetadataDB\procfwk\Tables\AlertOutcomes.sql FILE ******
****************************************************************************************************
****** PROCESSING C:\Repos\PyroADF\solution\ADF.procfwk\MetadataDB\procfwk\Tables\CurrentExecution.sql FILE ******
******SUCCESSFULLY PROCESSED C:\Repos\PyroADF\solution\ADF.procfwk\MetadataDB\procfwk\Tables\CurrentExecution.sql FILE ******
****************************************************************************************************
****** PROCESSING C:\Repos\PyroADF\solution\ADF.procfwk\MetadataDB\procfwk\Tables\DataFactorys.sql FILE ******
******SUCCESSFULLY PROCESSED C:\Repos\PyroADF\solution\ADF.procfwk\MetadataDB\procfwk\Tables\DataFactorys.sql FILE ******
****************************************************************************************************
****** PROCESSING C:\Repos\PyroADF\solution\ADF.procfwk\MetadataDB\procfwk\Tables\ErrorLog.sql FILE ******
******SUCCESSFULLY PROCESSED C:\Repos\PyroADF\solution\ADF.procfwk\MetadataDB\procfwk\Tables\ErrorLog.sql FILE ******
****************************************************************************************************
****** PROCESSING C:\Repos\PyroADF\solution\ADF.procfwk\MetadataDB\procfwk\Tables\ExecutionLog.sql FILE ******
******SUCCESSFULLY PROCESSED C:\Repos\PyroADF\solution\ADF.procfwk\MetadataDB\procfwk\Tables\ExecutionLog.sql FILE ******
****************************************************************************************************
****** PROCESSING C:\Repos\PyroADF\solution\ADF.procfwk\MetadataDB\procfwk\Tables\PipelineAlertLink.sql FILE ******
PS>TerminatingError(): "Exception calling "Fill" with "1" argument(s): "Foreign key 'FK_PipelineAlertLink_Pipelines' references invalid table 'procfwk.Pipelines'.
Could not create constraint or index. See previous errors.""
>> TerminatingError(): "Exception calling "Fill" with "1" argument(s): "Foreign key 'FK_PipelineAlertLink_Pipelines' references invalid table 'procfwk.Pipelines'.
Could not create constraint or index. See previous errors.""
PS>TerminatingError(): "Foreign key 'FK_PipelineAlertLink_Pipelines' references invalid table 'procfwk.Pipelines'.
Could not create constraint or index. See previous errors."
>> TerminatingError(): "Foreign key 'FK_PipelineAlertLink_Pipelines' references invalid table 'procfwk.Pipelines'.
Could not create constraint or index. See previous errors."
******FAILED PROCESSING C:\Repos\PyroADF\solution\ADF.procfwk\MetadataDB\procfwk\Tables\PipelineAlertLink.sql FILE ******
Foreign key 'FK_PipelineAlertLink_Pipelines' references invalid table 'procfwk.Pipelines'.
Could not create constraint or index. See previous errors.
****************************************************************************************************
****** PROCESSING C:\Repos\PyroADF\solution\ADF.procfwk\MetadataDB\procfwk\Tables\PipelineAuthLink.sql FILE ******
PS>TerminatingError(): "Exception calling "Fill" with "1" argument(s): "Foreign key 'FK_PipelineAuthLink_Pipelines' references invalid table 'procfwk.Pipelines'.
Could not create constraint or index. See previous errors.""
>> TerminatingError(): "Exception calling "Fill" with "1" argument(s): "Foreign key 'FK_PipelineAuthLink_Pipelines' references invalid table 'procfwk.Pipelines'.
Could not create constraint or index. See previous errors.""
PS>TerminatingError(): "Foreign key 'FK_PipelineAuthLink_Pipelines' references invalid table 'procfwk.Pipelines'.
Could not create constraint or index. See previous errors."
>> TerminatingError(): "Foreign key 'FK_PipelineAuthLink_Pipelines' references invalid table 'procfwk.Pipelines'.
Could not create constraint or index. See previous errors."
******FAILED PROCESSING C:\Repos\PyroADF\solution\ADF.procfwk\MetadataDB\procfwk\Tables\PipelineAuthLink.sql FILE ******
Foreign key 'FK_PipelineAuthLink_Pipelines' references invalid table 'procfwk.Pipelines'.
Could not create constraint or index. See previous errors.
****************************************************************************************************
****** PROCESSING C:\Repos\PyroADF\solution\ADF.procfwk\MetadataDB\procfwk\Tables\PipelineDependencies.sql FILE ******
PS>TerminatingError(): "Exception calling "Fill" with "1" argument(s): "Foreign key 'FK_PipelineDependencies_Pipelines' references invalid table 'procfwk.Pipelines'.
Could not create constraint or index. See previous errors.""
>> TerminatingError(): "Exception calling "Fill" with "1" argument(s): "Foreign key 'FK_PipelineDependencies_Pipelines' references invalid table 'procfwk.Pipelines'.
Could not create constraint or index. See previous errors.""
PS>TerminatingError(): "Foreign key 'FK_PipelineDependencies_Pipelines' references invalid table 'procfwk.Pipelines'.
Could not create constraint or index. See previous errors."
>> TerminatingError(): "Foreign key 'FK_PipelineDependencies_Pipelines' references invalid table 'procfwk.Pipelines'.
Could not create constraint or index. See previous errors."
******FAILED PROCESSING C:\Repos\PyroADF\solution\ADF.procfwk\MetadataDB\procfwk\Tables\PipelineDependencies.sql FILE ******
Foreign key 'FK_PipelineDependencies_Pipelines' references invalid table 'procfwk.Pipelines'.
Could not create constraint or index. See previous errors.
****************************************************************************************************
****** PROCESSING C:\Repos\PyroADF\solution\ADF.procfwk\MetadataDB\procfwk\Tables\PipelineParameters.sql FILE ******
PS>TerminatingError(): "Exception calling "Fill" with "1" argument(s): "Foreign key 'FK_PipelineParameters_Pipelines' references invalid table 'procfwk.Pipelines'.
Could not create constraint or index. See previous errors.""
>> TerminatingError(): "Exception calling "Fill" with "1" argument(s): "Foreign key 'FK_PipelineParameters_Pipelines' references invalid table 'procfwk.Pipelines'.
Could not create constraint or index. See previous errors.""
PS>TerminatingError(): "Foreign key 'FK_PipelineParameters_Pipelines' references invalid table 'procfwk.Pipelines'.
Could not create constraint or index. See previous errors."
>> TerminatingError(): "Foreign key 'FK_PipelineParameters_Pipelines' references invalid table 'procfwk.Pipelines'.
Could not create constraint or index. See previous errors."
******FAILED PROCESSING C:\Repos\PyroADF\solution\ADF.procfwk\MetadataDB\procfwk\Tables\PipelineParameters.sql FILE ******
Foreign key 'FK_PipelineParameters_Pipelines' references invalid table 'procfwk.Pipelines'.
Could not create constraint or index. See previous errors.
****************************************************************************************************
****** PROCESSING C:\Repos\PyroADF\solution\ADF.procfwk\MetadataDB\procfwk\Tables\Pipelines.sql FILE ******
PS>TerminatingError(): "Exception calling "Fill" with "1" argument(s): "Foreign key 'FK_Pipelines_Stages' references invalid table 'procfwk.Stages'.
Could not create constraint or index. See previous errors.""
>> TerminatingError(): "Exception calling "Fill" with "1" argument(s): "Foreign key 'FK_Pipelines_Stages' references invalid table 'procfwk.Stages'.
Could not create constraint or index. See previous errors.""
PS>TerminatingError(): "Foreign key 'FK_Pipelines_Stages' references invalid table 'procfwk.Stages'.
Could not create constraint or index. See previous errors."
>> TerminatingError(): "Foreign key 'FK_Pipelines_Stages' references invalid table 'procfwk.Stages'.
Could not create constraint or index. See previous errors."
******FAILED PROCESSING C:\Repos\PyroADF\solution\ADF.procfwk\MetadataDB\procfwk\Tables\Pipelines.sql FILE ******
Foreign key 'FK_Pipelines_Stages' references invalid table 'procfwk.Stages'.
Could not create constraint or index. See previous errors.
****************************************************************************************************
****** PROCESSING C:\Repos\PyroADF\solution\ADF.procfwk\MetadataDB\procfwk\Tables\Properties.sql FILE ******
******SUCCESSFULLY PROCESSED C:\Repos\PyroADF\solution\ADF.procfwk\MetadataDB\procfwk\Tables\Properties.sql FILE ******
****************************************************************************************************
****** PROCESSING C:\Repos\PyroADF\solution\ADF.procfwk\MetadataDB\procfwk\Tables\Recipients.sql FILE ******
******SUCCESSFULLY PROCESSED C:\Repos\PyroADF\solution\ADF.procfwk\MetadataDB\procfwk\Tables\Recipients.sql FILE ******
****************************************************************************************************
****** PROCESSING C:\Repos\PyroADF\solution\ADF.procfwk\MetadataDB\procfwk\Tables\Stages.sql FILE ******
******SUCCESSFULLY PROCESSED C:\Repos\PyroADF\solution\ADF.procfwk\MetadataDB\procfwk\Tables\Stages.sql FILE ******
****************************************************************************************************
****** PROCESSING C:\Repos\PyroADF\solution\ADF.procfwk\MetadataDB\procfwk\Views\CurrentProperties.sql FILE ******
******SUCCESSFULLY PROCESSED C:\Repos\PyroADF\solution\ADF.procfwk\MetadataDB\procfwk\Views\CurrentProperties.sql FILE ******
****************************************************************************************************
****** PROCESSING C:\Repos\PyroADF\solution\ADF.procfwk\MetadataDB\procfwk\Views\PipelineParameterDataSizes.sql FILE ******
PS>TerminatingError(): "Exception calling "Fill" with "1" argument(s): "Invalid object name 'procfwk.PipelineParameters'.""
>> TerminatingError(): "Exception calling "Fill" with "1" argument(s): "Invalid object name 'procfwk.PipelineParameters'.""
PS>TerminatingError(): "Invalid object name 'procfwk.PipelineParameters'."
>> TerminatingError(): "Invalid object name 'procfwk.PipelineParameters'."
******FAILED PROCESSING C:\Repos\PyroADF\solution\ADF.procfwk\MetadataDB\procfwk\Views\PipelineParameterDataSizes.sql FILE ******
Invalid object name 'procfwk.PipelineParameters'.
****************************************************************************************************
****** PROCESSING C:\Repos\PyroADF\solution\ADF.procfwk\MetadataDB\procfwkHelpers\Functions\CheckForValidURL.sql FILE ******
******SUCCESSFULLY PROCESSED C:\Repos\PyroADF\solution\ADF.procfwk\MetadataDB\procfwkHelpers\Functions\CheckForValidURL.sql FILE ******
****************************************************************************************************
****** PROCESSING C:\Repos\PyroADF\solution\ADF.procfwk\MetadataDB\procfwkHelpers\Stored Procedures\AddPipelineDependant.sql FILE ******
******SUCCESSFULLY PROCESSED C:\Repos\PyroADF\solution\ADF.procfwk\MetadataDB\procfwkHelpers\Stored Procedures\AddPipelineDependant.sql FILE ******
****************************************************************************************************
****** PROCESSING C:\Repos\PyroADF\solution\ADF.procfwk\MetadataDB\procfwkHelpers\Stored Procedures\AddPipelineViaPowerShell.sql FILE ******
******SUCCESSFULLY PROCESSED C:\Repos\PyroADF\solution\ADF.procfwk\MetadataDB\procfwkHelpers\Stored Procedures\AddPipelineViaPowerShell.sql FILE ******
****************************************************************************************************
****** PROCESSING C:\Repos\PyroADF\solution\ADF.procfwk\MetadataDB\procfwkHelpers\Stored Procedures\AddProperty.sql FILE ******
******SUCCESSFULLY PROCESSED C:\Repos\PyroADF\solution\ADF.procfwk\MetadataDB\procfwkHelpers\Stored Procedures\AddProperty.sql FILE ******
****************************************************************************************************
****** PROCESSING C:\Repos\PyroADF\solution\ADF.procfwk\MetadataDB\procfwkHelpers\Stored Procedures\AddRecipientPipelineAlerts.sql FILE ******
******SUCCESSFULLY PROCESSED C:\Repos\PyroADF\solution\ADF.procfwk\MetadataDB\procfwkHelpers\Stored Procedures\AddRecipientPipelineAlerts.sql FILE ******
****************************************************************************************************
****** PROCESSING C:\Repos\PyroADF\solution\ADF.procfwk\MetadataDB\procfwkHelpers\Stored Procedures\AddServicePrincipal.sql FILE ******
******SUCCESSFULLY PROCESSED C:\Repos\PyroADF\solution\ADF.procfwk\MetadataDB\procfwkHelpers\Stored Procedures\AddServicePrincipal.sql FILE ******
****************************************************************************************************
****** PROCESSING C:\Repos\PyroADF\solution\ADF.procfwk\MetadataDB\procfwkHelpers\Stored Procedures\AddServicePrincipalUrls.sql FILE ******
******SUCCESSFULLY PROCESSED C:\Repos\PyroADF\solution\ADF.procfwk\MetadataDB\procfwkHelpers\Stored Procedures\AddServicePrincipalUrls.sql FILE ******
****************************************************************************************************
****** PROCESSING C:\Repos\PyroADF\solution\ADF.procfwk\MetadataDB\procfwkHelpers\Stored Procedures\AddServicePrincipalWrapper.sql FILE ******
******SUCCESSFULLY PROCESSED C:\Repos\PyroADF\solution\ADF.procfwk\MetadataDB\procfwkHelpers\Stored Procedures\AddServicePrincipalWrapper.sql FILE ******
****************************************************************************************************
****** PROCESSING C:\Repos\PyroADF\solution\ADF.procfwk\MetadataDB\procfwkHelpers\Stored Procedures\CheckStageAndPiplineIntegrity.sql FILE ******
******SUCCESSFULLY PROCESSED C:\Repos\PyroADF\solution\ADF.procfwk\MetadataDB\procfwkHelpers\Stored Procedures\CheckStageAndPiplineIntegrity.sql FILE ******
****************************************************************************************************
****** PROCESSING C:\Repos\PyroADF\solution\ADF.procfwk\MetadataDB\procfwkHelpers\Stored Procedures\DeleteMetadataWithIntegrity.sql FILE ******
******SUCCESSFULLY PROCESSED C:\Repos\PyroADF\solution\ADF.procfwk\MetadataDB\procfwkHelpers\Stored Procedures\DeleteMetadataWithIntegrity.sql FILE ******
****************************************************************************************************
****** PROCESSING C:\Repos\PyroADF\solution\ADF.procfwk\MetadataDB\procfwkHelpers\Stored Procedures\DeleteMetadataWithoutIntegrity.sql FILE ******
******SUCCESSFULLY PROCESSED C:\Repos\PyroADF\solution\ADF.procfwk\MetadataDB\procfwkHelpers\Stored Procedures\DeleteMetadataWithoutIntegrity.sql FILE ******
****************************************************************************************************
****** PROCESSING C:\Repos\PyroADF\solution\ADF.procfwk\MetadataDB\procfwkHelpers\Stored Procedures\DeleteRecipientAlerts.sql FILE ******
******SUCCESSFULLY PROCESSED C:\Repos\PyroADF\solution\ADF.procfwk\MetadataDB\procfwkHelpers\Stored Procedures\DeleteRecipientAlerts.sql FILE ******
****************************************************************************************************
****** PROCESSING C:\Repos\PyroADF\solution\ADF.procfwk\MetadataDB\procfwkHelpers\Stored Procedures\DeleteServicePrincipal.sql FILE ******
******SUCCESSFULLY PROCESSED C:\Repos\PyroADF\solution\ADF.procfwk\MetadataDB\procfwkHelpers\Stored Procedures\DeleteServicePrincipal.sql FILE ******
****************************************************************************************************
****** PROCESSING C:\Repos\PyroADF\solution\ADF.procfwk\MetadataDB\procfwkHelpers\Stored Procedures\GetExecutionDetails.sql FILE ******
******SUCCESSFULLY PROCESSED C:\Repos\PyroADF\solution\ADF.procfwk\MetadataDB\procfwkHelpers\Stored Procedures\GetExecutionDetails.sql FILE ******
****************************************************************************************************
****** PROCESSING C:\Repos\PyroADF\solution\ADF.procfwk\MetadataDB\procfwkHelpers\Stored Procedures\SetDefaultAlertOutcomes.sql FILE ******
******SUCCESSFULLY PROCESSED C:\Repos\PyroADF\solution\ADF.procfwk\MetadataDB\procfwkHelpers\Stored Procedures\SetDefaultAlertOutcomes.sql FILE ******
****************************************************************************************************
****** PROCESSING C:\Repos\PyroADF\solution\ADF.procfwk\MetadataDB\procfwkHelpers\Stored Procedures\SetDefaultDataFactorys.sql FILE ******
******SUCCESSFULLY PROCESSED C:\Repos\PyroADF\solution\ADF.procfwk\MetadataDB\procfwkHelpers\Stored Procedures\SetDefaultDataFactorys.sql FILE ******
****************************************************************************************************
****** PROCESSING C:\Repos\PyroADF\solution\ADF.procfwk\MetadataDB\procfwkHelpers\Stored Procedures\SetDefaultPipelineDependants.sql FILE ******
******SUCCESSFULLY PROCESSED C:\Repos\PyroADF\solution\ADF.procfwk\MetadataDB\procfwkHelpers\Stored Procedures\SetDefaultPipelineDependants.sql FILE ******
****************************************************************************************************
****** PROCESSING C:\Repos\PyroADF\solution\ADF.procfwk\MetadataDB\procfwkHelpers\Stored Procedures\SetDefaultPipelineParameters.sql FILE ******
******SUCCESSFULLY PROCESSED C:\Repos\PyroADF\solution\ADF.procfwk\MetadataDB\procfwkHelpers\Stored Procedures\SetDefaultPipelineParameters.sql FILE ******
****************************************************************************************************
****** PROCESSING C:\Repos\PyroADF\solution\ADF.procfwk\MetadataDB\procfwkHelpers\Stored Procedures\SetDefaultPipelines.sql FILE ******
******SUCCESSFULLY PROCESSED C:\Repos\PyroADF\solution\ADF.procfwk\MetadataDB\procfwkHelpers\Stored Procedures\SetDefaultPipelines.sql FILE ******
****************************************************************************************************
****** PROCESSING C:\Repos\PyroADF\solution\ADF.procfwk\MetadataDB\procfwkHelpers\Stored Procedures\SetDefaultProperties.sql FILE ******
******SUCCESSFULLY PROCESSED C:\Repos\PyroADF\solution\ADF.procfwk\MetadataDB\procfwkHelpers\Stored Procedures\SetDefaultProperties.sql FILE ******
****************************************************************************************************
****** PROCESSING C:\Repos\PyroADF\solution\ADF.procfwk\MetadataDB\procfwkHelpers\Stored Procedures\SetDefaultRecipientPipelineAlerts.sql FILE ******
******SUCCESSFULLY PROCESSED C:\Repos\PyroADF\solution\ADF.procfwk\MetadataDB\procfwkHelpers\Stored Procedures\SetDefaultRecipientPipelineAlerts.sql FILE ******
****************************************************************************************************
****** PROCESSING C:\Repos\PyroADF\solution\ADF.procfwk\MetadataDB\procfwkHelpers\Stored Procedures\SetDefaultRecipients.sql FILE ******
******SUCCESSFULLY PROCESSED C:\Repos\PyroADF\solution\ADF.procfwk\MetadataDB\procfwkHelpers\Stored Procedures\SetDefaultRecipients.sql FILE ******
****************************************************************************************************
****** PROCESSING C:\Repos\PyroADF\solution\ADF.procfwk\MetadataDB\procfwkHelpers\Stored Procedures\SetDefaultStages.sql FILE ******
******SUCCESSFULLY PROCESSED C:\Repos\PyroADF\solution\ADF.procfwk\MetadataDB\procfwkHelpers\Stored Procedures\SetDefaultStages.sql FILE ******
****************************************************************************************************
****** PROCESSING C:\Repos\PyroADF\solution\ADF.procfwk\MetadataDB\procfwkHelpers\Views\PipelineDependencyChains.sql FILE ******
PS>TerminatingError(): "Exception calling "Fill" with "1" argument(s): "Invalid object name 'procfwk.PipelineDependencies'.""
>> TerminatingError(): "Exception calling "Fill" with "1" argument(s): "Invalid object name 'procfwk.PipelineDependencies'.""
PS>TerminatingError(): "Invalid object name 'procfwk.PipelineDependencies'."
>> TerminatingError(): "Invalid object name 'procfwk.PipelineDependencies'."
******FAILED PROCESSING C:\Repos\PyroADF\solution\ADF.procfwk\MetadataDB\procfwkHelpers\Views\PipelineDependencyChains.sql FILE ******
Invalid object name 'procfwk.PipelineDependencies'.
****************************************************************************************************
****** PROCESSING C:\Repos\PyroADF\solution\ADF.procfwk\MetadataDB\procfwkReporting\Views\AverageStageDuration.sql FILE ******
PS>TerminatingError(): "Exception calling "Fill" with "1" argument(s): "The specified schema name "procfwkReporting" either does not exist or you do not have permission to use it.""
>> TerminatingError(): "Exception calling "Fill" with "1" argument(s): "The specified schema name "procfwkReporting" either does not exist or you do not have permission to use it.""
PS>TerminatingError(): "The specified schema name "procfwkReporting" either does not exist or you do not have permission to use it."
>> TerminatingError(): "The specified schema name "procfwkReporting" either does not exist or you do not have permission to use it."
******FAILED PROCESSING C:\Repos\PyroADF\solution\ADF.procfwk\MetadataDB\procfwkReporting\Views\AverageStageDuration.sql FILE ******
The specified schema name "procfwkReporting" either does not exist or you do not have permission to use it.
****************************************************************************************************
****** PROCESSING C:\Repos\PyroADF\solution\ADF.procfwk\MetadataDB\procfwkReporting\Views\CompleteExecutionErrorLog.sql FILE ******
PS>TerminatingError(): "Exception calling "Fill" with "1" argument(s): "The specified schema name "procfwkReporting" either does not exist or you do not have permission to use it.""
>> TerminatingError(): "Exception calling "Fill" with "1" argument(s): "The specified schema name "procfwkReporting" either does not exist or you do not have permission to use it.""
PS>TerminatingError(): "The specified schema name "procfwkReporting" either does not exist or you do not have permission to use it."
>> TerminatingError(): "The specified schema name "procfwkReporting" either does not exist or you do not have permission to use it."
******FAILED PROCESSING C:\Repos\PyroADF\solution\ADF.procfwk\MetadataDB\procfwkReporting\Views\CompleteExecutionErrorLog.sql FILE ******
The specified schema name "procfwkReporting" either does not exist or you do not have permission to use it.
****************************************************************************************************
****** PROCESSING C:\Repos\PyroADF\solution\ADF.procfwk\MetadataDB\procfwkReporting\Views\CompleteExecutionLog.sql FILE ******
PS>TerminatingError(): "Exception calling "Fill" with "1" argument(s): "The specified schema name "procfwkReporting" either does not exist or you do not have permission to use it.""
>> TerminatingError(): "Exception calling "Fill" with "1" argument(s): "The specified schema name "procfwkReporting" either does not exist or you do not have permission to use it.""
PS>TerminatingError(): "The specified schema name "procfwkReporting" either does not exist or you do not have permission to use it."
>> TerminatingError(): "The specified schema name "procfwkReporting" either does not exist or you do not have permission to use it."
******FAILED PROCESSING C:\Repos\PyroADF\solution\ADF.procfwk\MetadataDB\procfwkReporting\Views\CompleteExecutionLog.sql FILE ******
The specified schema name "procfwkReporting" either does not exist or you do not have permission to use it.
****************************************************************************************************
****** PROCESSING C:\Repos\PyroADF\solution\ADF.procfwk\MetadataDB\procfwkReporting\Views\CurrentExecutionSummary.sql FILE ******
PS>TerminatingError(): "Exception calling "Fill" with "1" argument(s): "The specified schema name "procfwkReporting" either does not exist or you do not have permission to use it.""
>> TerminatingError(): "Exception calling "Fill" with "1" argument(s): "The specified schema name "procfwkReporting" either does not exist or you do not have permission to use it.""
PS>TerminatingError(): "The specified schema name "procfwkReporting" either does not exist or you do not have permission to use it."
>> TerminatingError(): "The specified schema name "procfwkReporting" either does not exist or you do not have permission to use it."
******FAILED PROCESSING C:\Repos\PyroADF\solution\ADF.procfwk\MetadataDB\procfwkReporting\Views\CurrentExecutionSummary.sql FILE ******
The specified schema name "procfwkReporting" either does not exist or you do not have permission to use it.
****************************************************************************************************
****** PROCESSING C:\Repos\PyroADF\solution\ADF.procfwk\MetadataDB\procfwkReporting\Views\LastExecution.sql FILE ******
PS>TerminatingError(): "Exception calling "Fill" with "1" argument(s): "The specified schema name "procfwkReporting" either does not exist or you do not have permission to use it.""
>> TerminatingError(): "Exception calling "Fill" with "1" argument(s): "The specified schema name "procfwkReporting" either does not exist or you do not have permission to use it.""
PS>TerminatingError(): "The specified schema name "procfwkReporting" either does not exist or you do not have permission to use it."
>> TerminatingError(): "The specified schema name "procfwkReporting" either does not exist or you do not have permission to use it."
******FAILED PROCESSING C:\Repos\PyroADF\solution\ADF.procfwk\MetadataDB\procfwkReporting\Views\LastExecution.sql FILE ******
The specified schema name "procfwkReporting" either does not exist or you do not have permission to use it.
****************************************************************************************************
****** PROCESSING C:\Repos\PyroADF\solution\ADF.procfwk\MetadataDB\procfwkReporting\Views\LastExecutionSummary.sql FILE ******
PS>TerminatingError(): "Exception calling "Fill" with "1" argument(s): "The specified schema name "procfwkReporting" either does not exist or you do not have permission to use it.""
>> TerminatingError(): "Exception calling "Fill" with "1" argument(s): "The specified schema name "procfwkReporting" either does not exist or you do not have permission to use it.""
PS>TerminatingError(): "The specified schema name "procfwkReporting" either does not exist or you do not have permission to use it."
>> TerminatingError(): "The specified schema name "procfwkReporting" either does not exist or you do not have permission to use it."
******FAILED PROCESSING C:\Repos\PyroADF\solution\ADF.procfwk\MetadataDB\procfwkReporting\Views\LastExecutionSummary.sql FILE ******
The specified schema name "procfwkReporting" either does not exist or you do not have permission to use it.
****************************************************************************************************
****** PROCESSING C:\Repos\PyroADF\solution\ADF.procfwk\MetadataDB\procfwkReporting\Views\WorkerParallelismOverTime.sql FILE ******
PS>TerminatingError(): "Exception calling "Fill" with "1" argument(s): "The specified schema name "procfwkReporting" either does not exist or you do not have permission to use it.""
>> TerminatingError(): "Exception calling "Fill" with "1" argument(s): "The specified schema name "procfwkReporting" either does not exist or you do not have permission to use it.""
PS>TerminatingError(): "The specified schema name "procfwkReporting" either does not exist or you do not have permission to use it."
>> TerminatingError(): "The specified schema name "procfwkReporting" either does not exist or you do not have permission to use it."
******FAILED PROCESSING C:\Repos\PyroADF\solution\ADF.procfwk\MetadataDB\procfwkReporting\Views\WorkerParallelismOverTime.sql FILE ******
The specified schema name "procfwkReporting" either does not exist or you do not have permission to use it.
****************************************************************************************************
****** PROCESSING C:\Repos\PyroADF\solution\ADF.procfwk\MetadataDB\procfwkTesting\Stored Procedures\Add300WorkerPipelines.sql FILE ******
PS>TerminatingError(): "Timeout expired.  The timeout period elapsed prior to obtaining a connection from the pool.  This may have occurred because all pooled connections were in use and max pool size was reached."
>> TerminatingError(): "Timeout expired.  The timeout period elapsed prior to obtaining a connection from the pool.  This may have occurred because all pooled connections were in use and max pool size was reached."
PS>TerminatingError(): "Timeout expired.  The timeout period elapsed prior to obtaining a connection from the pool.  This may have occurred because all pooled connections were in use and max pool size was reached."
>> TerminatingError(): "Timeout expired.  The timeout period elapsed prior to obtaining a connection from the pool.  This may have occurred because all pooled connections were in use and max pool size was reached."
******FAILED PROCESSING C:\Repos\PyroADF\solution\ADF.procfwk\MetadataDB\procfwkTesting\Stored Procedures\Add300WorkerPipelines.sql FILE ******
Timeout expired.  The timeout period elapsed prior to obtaining a connection from the pool.  This may have occurred because all pooled connections were in use and max pool size was reached.
****************************************************************************************************
****** PROCESSING C:\Repos\PyroADF\solution\ADF.procfwk\MetadataDB\procfwkTesting\Stored Procedures\CleanUpMetadata.sql FILE ******
PS>TerminatingError(): "Timeout expired.  The timeout period elapsed prior to obtaining a connection from the pool.  This may have occurred because all pooled connections were in use and max pool size was reached."
>> TerminatingError(): "Timeout expired.  The timeout period elapsed prior to obtaining a connection from the pool.  This may have occurred because all pooled connections were in use and max pool size was reached."
PS>TerminatingError(): "Timeout expired.  The timeout period elapsed prior to obtaining a connection from the pool.  This may have occurred because all pooled connections were in use and max pool size was reached."
>> TerminatingError(): "Timeout expired.  The timeout period elapsed prior to obtaining a connection from the pool.  This may have occurred because all pooled connections were in use and max pool size was reached."
******FAILED PROCESSING C:\Repos\PyroADF\solution\ADF.procfwk\MetadataDB\procfwkTesting\Stored Procedures\CleanUpMetadata.sql FILE ******
Timeout expired.  The timeout period elapsed prior to obtaining a connection from the pool.  This may have occurred because all pooled connections were in use and max pool size was reached.
****************************************************************************************************
****** PROCESSING C:\Repos\PyroADF\solution\ADF.procfwk\MetadataDB\procfwkTesting\Stored Procedures\ResetMetadata.sql FILE ******
PS>TerminatingError(): "Timeout expired.  The timeout period elapsed prior to obtaining a connection from the pool.  This may have occurred because all pooled connections were in use and max pool size was reached."
>> TerminatingError(): "Timeout expired.  The timeout period elapsed prior to obtaining a connection from the pool.  This may have occurred because all pooled connections were in use and max pool size was reached."
PS>TerminatingError(): "Timeout expired.  The timeout period elapsed prior to obtaining a connection from the pool.  This may have occurred because all pooled connections were in use and max pool size was reached."
>> TerminatingError(): "Timeout expired.  The timeout period elapsed prior to obtaining a connection from the pool.  This may have occurred because all pooled connections were in use and max pool size was reached."
******FAILED PROCESSING C:\Repos\PyroADF\solution\ADF.procfwk\MetadataDB\procfwkTesting\Stored Procedures\ResetMetadata.sql FILE ******
Timeout expired.  The timeout period elapsed prior to obtaining a connection from the pool.  This may have occurred because all pooled connections were in use and max pool size was reached.
****************************************************************************************************
****** PROCESSING C:\Repos\PyroADF\solution\ADF.procfwk\MetadataDB\Scripts\LogData\ErrorLogBackup.sql FILE ******
PS>TerminatingError(): "Timeout expired.  The timeout period elapsed prior to obtaining a connection from the pool.  This may have occurred because all pooled connections were in use and max pool size was reached."
>> TerminatingError(): "Timeout expired.  The timeout period elapsed prior to obtaining a connection from the pool.  This may have occurred because all pooled connections were in use and max pool size was reached."
PS>TerminatingError(): "Timeout expired.  The timeout period elapsed prior to obtaining a connection from the pool.  This may have occurred because all pooled connections were in use and max pool size was reached."
>> TerminatingError(): "Timeout expired.  The timeout period elapsed prior to obtaining a connection from the pool.  This may have occurred because all pooled connections were in use and max pool size was reached."
******FAILED PROCESSING C:\Repos\PyroADF\solution\ADF.procfwk\MetadataDB\Scripts\LogData\ErrorLogBackup.sql FILE ******
Timeout expired.  The timeout period elapsed prior to obtaining a connection from the pool.  This may have occurred because all pooled connections were in use and max pool size was reached.
****************************************************************************************************
****** PROCESSING C:\Repos\PyroADF\solution\ADF.procfwk\MetadataDB\Scripts\LogData\ErrorLogRestore.sql FILE ******
PS>TerminatingError(): "Timeout expired.  The timeout period elapsed prior to obtaining a connection from the pool.  This may have occurred because all pooled connections were in use and max pool size was reached."
>> TerminatingError(): "Timeout expired.  The timeout period elapsed prior to obtaining a connection from the pool.  This may have occurred because all pooled connections were in use and max pool size was reached."
PS>TerminatingError(): "Timeout expired.  The timeout period elapsed prior to obtaining a connection from the pool.  This may have occurred because all pooled connections were in use and max pool size was reached."
>> TerminatingError(): "Timeout expired.  The timeout period elapsed prior to obtaining a connection from the pool.  This may have occurred because all pooled connections were in use and max pool size was reached."
******FAILED PROCESSING C:\Repos\PyroADF\solution\ADF.procfwk\MetadataDB\Scripts\LogData\ErrorLogRestore.sql FILE ******
Timeout expired.  The timeout period elapsed prior to obtaining a connection from the pool.  This may have occurred because all pooled connections were in use and max pool size was reached.
****************************************************************************************************
****** PROCESSING C:\Repos\PyroADF\solution\ADF.procfwk\MetadataDB\Scripts\LogData\ExecutionLogBackup.sql FILE ******
PS>TerminatingError(): "Timeout expired.  The timeout period elapsed prior to obtaining a connection from the pool.  This may have occurred because all pooled connections were in use and max pool size was reached."
>> TerminatingError(): "Timeout expired.  The timeout period elapsed prior to obtaining a connection from the pool.  This may have occurred because all pooled connections were in use and max pool size was reached."
PS>TerminatingError(): "Timeout expired.  The timeout period elapsed prior to obtaining a connection from the pool.  This may have occurred because all pooled connections were in use and max pool size was reached."
>> TerminatingError(): "Timeout expired.  The timeout period elapsed prior to obtaining a connection from the pool.  This may have occurred because all pooled connections were in use and max pool size was reached."
******FAILED PROCESSING C:\Repos\PyroADF\solution\ADF.procfwk\MetadataDB\Scripts\LogData\ExecutionLogBackup.sql FILE ******
Timeout expired.  The timeout period elapsed prior to obtaining a connection from the pool.  This may have occurred because all pooled connections were in use and max pool size was reached.
****************************************************************************************************
****** PROCESSING C:\Repos\PyroADF\solution\ADF.procfwk\MetadataDB\Scripts\LogData\ExecutionLogRestore.sql FILE ******
PS>TerminatingError(): "Timeout expired.  The timeout period elapsed prior to obtaining a connection from the pool.  This may have occurred because all pooled connections were in use and max pool size was reached."
>> TerminatingError(): "Timeout expired.  The timeout period elapsed prior to obtaining a connection from the pool.  This may have occurred because all pooled connections were in use and max pool size was reached."
PS>TerminatingError(): "Timeout expired.  The timeout period elapsed prior to obtaining a connection from the pool.  This may have occurred because all pooled connections were in use and max pool size was reached."
>> TerminatingError(): "Timeout expired.  The timeout period elapsed prior to obtaining a connection from the pool.  This may have occurred because all pooled connections were in use and max pool size was reached."
******FAILED PROCESSING C:\Repos\PyroADF\solution\ADF.procfwk\MetadataDB\Scripts\LogData\ExecutionLogRestore.sql FILE ******
Timeout expired.  The timeout period elapsed prior to obtaining a connection from the pool.  This may have occurred because all pooled connections were in use and max pool size was reached.
****************************************************************************************************
****** PROCESSING C:\Repos\PyroADF\solution\ADF.procfwk\MetadataDB\Scripts\Metadata\AlertOutcomes.sql FILE ******
PS>TerminatingError(): "Timeout expired.  The timeout period elapsed prior to obtaining a connection from the pool.  This may have occurred because all pooled connections were in use and max pool size was reached."
>> TerminatingError(): "Timeout expired.  The timeout period elapsed prior to obtaining a connection from the pool.  This may have occurred because all pooled connections were in use and max pool size was reached."
PS>TerminatingError(): "Timeout expired.  The timeout period elapsed prior to obtaining a connection from the pool.  This may have occurred because all pooled connections were in use and max pool size was reached."
>> TerminatingError(): "Timeout expired.  The timeout period elapsed prior to obtaining a connection from the pool.  This may have occurred because all pooled connections were in use and max pool size was reached."
******FAILED PROCESSING C:\Repos\PyroADF\solution\ADF.procfwk\MetadataDB\Scripts\Metadata\AlertOutcomes.sql FILE ******
Timeout expired.  The timeout period elapsed prior to obtaining a connection from the pool.  This may have occurred because all pooled connections were in use and max pool size was reached.
****************************************************************************************************
****** PROCESSING C:\Repos\PyroADF\solution\ADF.procfwk\MetadataDB\Scripts\Metadata\DataFactorys.sql FILE ******
PS>TerminatingError(): "Timeout expired.  The timeout period elapsed prior to obtaining a connection from the pool.  This may have occurred because all pooled connections were in use and max pool size was reached."
>> TerminatingError(): "Timeout expired.  The timeout period elapsed prior to obtaining a connection from the pool.  This may have occurred because all pooled connections were in use and max pool size was reached."
PS>TerminatingError(): "Timeout expired.  The timeout period elapsed prior to obtaining a connection from the pool.  This may have occurred because all pooled connections were in use and max pool size was reached."
>> TerminatingError(): "Timeout expired.  The timeout period elapsed prior to obtaining a connection from the pool.  This may have occurred because all pooled connections were in use and max pool size was reached."
******FAILED PROCESSING C:\Repos\PyroADF\solution\ADF.procfwk\MetadataDB\Scripts\Metadata\DataFactorys.sql FILE ******
Timeout expired.  The timeout period elapsed prior to obtaining a connection from the pool.  This may have occurred because all pooled connections were in use and max pool size was reached.
****************************************************************************************************
****** PROCESSING C:\Repos\PyroADF\solution\ADF.procfwk\MetadataDB\Scripts\Metadata\DeleteAll.sql FILE ******
PS>TerminatingError(): "Timeout expired.  The timeout period elapsed prior to obtaining a connection from the pool.  This may have occurred because all pooled connections were in use and max pool size was reached."
>> TerminatingError(): "Timeout expired.  The timeout period elapsed prior to obtaining a connection from the pool.  This may have occurred because all pooled connections were in use and max pool size was reached."
PS>TerminatingError(): "Timeout expired.  The timeout period elapsed prior to obtaining a connection from the pool.  This may have occurred because all pooled connections were in use and max pool size was reached."
>> TerminatingError(): "Timeout expired.  The timeout period elapsed prior to obtaining a connection from the pool.  This may have occurred because all pooled connections were in use and max pool size was reached."
******FAILED PROCESSING C:\Repos\PyroADF\solution\ADF.procfwk\MetadataDB\Scripts\Metadata\DeleteAll.sql FILE ******
Timeout expired.  The timeout period elapsed prior to obtaining a connection from the pool.  This may have occurred because all pooled connections were in use and max pool size was reached.
****************************************************************************************************
****** PROCESSING C:\Repos\PyroADF\solution\ADF.procfwk\MetadataDB\Scripts\Metadata\DropLegacyObjects.sql FILE ******
PS>TerminatingError(): "Timeout expired.  The timeout period elapsed prior to obtaining a connection from the pool.  This may have occurred because all pooled connections were in use and max pool size was reached."
>> TerminatingError(): "Timeout expired.  The timeout period elapsed prior to obtaining a connection from the pool.  This may have occurred because all pooled connections were in use and max pool size was reached."
PS>TerminatingError(): "Timeout expired.  The timeout period elapsed prior to obtaining a connection from the pool.  This may have occurred because all pooled connections were in use and max pool size was reached."
>> TerminatingError(): "Timeout expired.  The timeout period elapsed prior to obtaining a connection from the pool.  This may have occurred because all pooled connections were in use and max pool size was reached."
******FAILED PROCESSING C:\Repos\PyroADF\solution\ADF.procfwk\MetadataDB\Scripts\Metadata\DropLegacyObjects.sql FILE ******
Timeout expired.  The timeout period elapsed prior to obtaining a connection from the pool.  This may have occurred because all pooled connections were in use and max pool size was reached.
****************************************************************************************************
****** PROCESSING C:\Repos\PyroADF\solution\ADF.procfwk\MetadataDB\Scripts\Metadata\DropLegacyTables.sql FILE ******
PS>TerminatingError(): "Timeout expired.  The timeout period elapsed prior to obtaining a connection from the pool.  This may have occurred because all pooled connections were in use and max pool size was reached."
>> TerminatingError(): "Timeout expired.  The timeout period elapsed prior to obtaining a connection from the pool.  This may have occurred because all pooled connections were in use and max pool size was reached."
PS>TerminatingError(): "Timeout expired.  The timeout period elapsed prior to obtaining a connection from the pool.  This may have occurred because all pooled connections were in use and max pool size was reached."
>> TerminatingError(): "Timeout expired.  The timeout period elapsed prior to obtaining a connection from the pool.  This may have occurred because all pooled connections were in use and max pool size was reached."
******FAILED PROCESSING C:\Repos\PyroADF\solution\ADF.procfwk\MetadataDB\Scripts\Metadata\DropLegacyTables.sql FILE ******
Timeout expired.  The timeout period elapsed prior to obtaining a connection from the pool.  This may have occurred because all pooled connections were in use and max pool size was reached.
****************************************************************************************************
****** PROCESSING C:\Repos\PyroADF\solution\ADF.procfwk\MetadataDB\Scripts\Metadata\PipelineDependencies.sql FILE ******
PS>TerminatingError(): "Timeout expired.  The timeout period elapsed prior to obtaining a connection from the pool.  This may have occurred because all pooled connections were in use and max pool size was reached."
>> TerminatingError(): "Timeout expired.  The timeout period elapsed prior to obtaining a connection from the pool.  This may have occurred because all pooled connections were in use and max pool size was reached."
PS>TerminatingError(): "Timeout expired.  The timeout period elapsed prior to obtaining a connection from the pool.  This may have occurred because all pooled connections were in use and max pool size was reached."
>> TerminatingError(): "Timeout expired.  The timeout period elapsed prior to obtaining a connection from the pool.  This may have occurred because all pooled connections were in use and max pool size was reached."
******FAILED PROCESSING C:\Repos\PyroADF\solution\ADF.procfwk\MetadataDB\Scripts\Metadata\PipelineDependencies.sql FILE ******
Timeout expired.  The timeout period elapsed prior to obtaining a connection from the pool.  This may have occurred because all pooled connections were in use and max pool size was reached.
****************************************************************************************************
****** PROCESSING C:\Repos\PyroADF\solution\ADF.procfwk\MetadataDB\Scripts\Metadata\PipelineParams.sql FILE ******
PS>TerminatingError(): "Timeout expired.  The timeout period elapsed prior to obtaining a connection from the pool.  This may have occurred because all pooled connections were in use and max pool size was reached."
>> TerminatingError(): "Timeout expired.  The timeout period elapsed prior to obtaining a connection from the pool.  This may have occurred because all pooled connections were in use and max pool size was reached."
PS>TerminatingError(): "Timeout expired.  The timeout period elapsed prior to obtaining a connection from the pool.  This may have occurred because all pooled connections were in use and max pool size was reached."
>> TerminatingError(): "Timeout expired.  The timeout period elapsed prior to obtaining a connection from the pool.  This may have occurred because all pooled connections were in use and max pool size was reached."
******FAILED PROCESSING C:\Repos\PyroADF\solution\ADF.procfwk\MetadataDB\Scripts\Metadata\PipelineParams.sql FILE ******
Timeout expired.  The timeout period elapsed prior to obtaining a connection from the pool.  This may have occurred because all pooled connections were in use and max pool size was reached.
****************************************************************************************************
****** PROCESSING C:\Repos\PyroADF\solution\ADF.procfwk\MetadataDB\Scripts\Metadata\Pipelines.sql FILE ******
PS>TerminatingError(): "Timeout expired.  The timeout period elapsed prior to obtaining a connection from the pool.  This may have occurred because all pooled connections were in use and max pool size was reached."
>> TerminatingError(): "Timeout expired.  The timeout period elapsed prior to obtaining a connection from the pool.  This may have occurred because all pooled connections were in use and max pool size was reached."
PS>TerminatingError(): "Timeout expired.  The timeout period elapsed prior to obtaining a connection from the pool.  This may have occurred because all pooled connections were in use and max pool size was reached."
>> TerminatingError(): "Timeout expired.  The timeout period elapsed prior to obtaining a connection from the pool.  This may have occurred because all pooled connections were in use and max pool size was reached."
******FAILED PROCESSING C:\Repos\PyroADF\solution\ADF.procfwk\MetadataDB\Scripts\Metadata\Pipelines.sql FILE ******
Timeout expired.  The timeout period elapsed prior to obtaining a connection from the pool.  This may have occurred because all pooled connections were in use and max pool size was reached.
****************************************************************************************************
****** PROCESSING C:\Repos\PyroADF\solution\ADF.procfwk\MetadataDB\Scripts\Metadata\Properties.sql FILE ******
PS>TerminatingError(): "Timeout expired.  The timeout period elapsed prior to obtaining a connection from the pool.  This may have occurred because all pooled connections were in use and max pool size was reached."
>> TerminatingError(): "Timeout expired.  The timeout period elapsed prior to obtaining a connection from the pool.  This may have occurred because all pooled connections were in use and max pool size was reached."
PS>TerminatingError(): "Timeout expired.  The timeout period elapsed prior to obtaining a connection from the pool.  This may have occurred because all pooled connections were in use and max pool size was reached."
>> TerminatingError(): "Timeout expired.  The timeout period elapsed prior to obtaining a connection from the pool.  This may have occurred because all pooled connections were in use and max pool size was reached."
******FAILED PROCESSING C:\Repos\PyroADF\solution\ADF.procfwk\MetadataDB\Scripts\Metadata\Properties.sql FILE ******
Timeout expired.  The timeout period elapsed prior to obtaining a connection from the pool.  This may have occurred because all pooled connections were in use and max pool size was reached.
****************************************************************************************************
****** PROCESSING C:\Repos\PyroADF\solution\ADF.procfwk\MetadataDB\Scripts\Metadata\RecipientAlertsLink.sql FILE ******
PS>TerminatingError(): "Timeout expired.  The timeout period elapsed prior to obtaining a connection from the pool.  This may have occurred because all pooled connections were in use and max pool size was reached."
>> TerminatingError(): "Timeout expired.  The timeout period elapsed prior to obtaining a connection from the pool.  This may have occurred because all pooled connections were in use and max pool size was reached."
PS>TerminatingError(): "Timeout expired.  The timeout period elapsed prior to obtaining a connection from the pool.  This may have occurred because all pooled connections were in use and max pool size was reached."
>> TerminatingError(): "Timeout expired.  The timeout period elapsed prior to obtaining a connection from the pool.  This may have occurred because all pooled connections were in use and max pool size was reached."
******FAILED PROCESSING C:\Repos\PyroADF\solution\ADF.procfwk\MetadataDB\Scripts\Metadata\RecipientAlertsLink.sql FILE ******
Timeout expired.  The timeout period elapsed prior to obtaining a connection from the pool.  This may have occurred because all pooled connections were in use and max pool size was reached.
****************************************************************************************************
****** PROCESSING C:\Repos\PyroADF\solution\ADF.procfwk\MetadataDB\Scripts\Metadata\Recipients.sql FILE ******
PS>TerminatingError(): "Timeout expired.  The timeout period elapsed prior to obtaining a connection from the pool.  This may have occurred because all pooled connections were in use and max pool size was reached."
>> TerminatingError(): "Timeout expired.  The timeout period elapsed prior to obtaining a connection from the pool.  This may have occurred because all pooled connections were in use and max pool size was reached."
PS>TerminatingError(): "Timeout expired.  The timeout period elapsed prior to obtaining a connection from the pool.  This may have occurred because all pooled connections were in use and max pool size was reached."
>> TerminatingError(): "Timeout expired.  The timeout period elapsed prior to obtaining a connection from the pool.  This may have occurred because all pooled connections were in use and max pool size was reached."
******FAILED PROCESSING C:\Repos\PyroADF\solution\ADF.procfwk\MetadataDB\Scripts\Metadata\Recipients.sql FILE ******
Timeout expired.  The timeout period elapsed prior to obtaining a connection from the pool.  This may have occurred because all pooled connections were in use and max pool size was reached.
****************************************************************************************************
****** PROCESSING C:\Repos\PyroADF\solution\ADF.procfwk\MetadataDB\Scripts\Metadata\Stages.sql FILE ******
PS>TerminatingError(): "Timeout expired.  The timeout period elapsed prior to obtaining a connection from the pool.  This may have occurred because all pooled connections were in use and max pool size was reached."
>> TerminatingError(): "Timeout expired.  The timeout period elapsed prior to obtaining a connection from the pool.  This may have occurred because all pooled connections were in use and max pool size was reached."
PS>TerminatingError(): "Timeout expired.  The timeout period elapsed prior to obtaining a connection from the pool.  This may have occurred because all pooled connections were in use and max pool size was reached."
>> TerminatingError(): "Timeout expired.  The timeout period elapsed prior to obtaining a connection from the pool.  This may have occurred because all pooled connections were in use and max pool size was reached."
******FAILED PROCESSING C:\Repos\PyroADF\solution\ADF.procfwk\MetadataDB\Scripts\Metadata\Stages.sql FILE ******
Timeout expired.  The timeout period elapsed prior to obtaining a connection from the pool.  This may have occurred because all pooled connections were in use and max pool size was reached.
****************************************************************************************************
****** PROCESSING C:\Repos\PyroADF\solution\ADF.procfwk\MetadataDB\Scripts\Metadata\TransferHelperObjects.sql FILE ******
PS>TerminatingError(): "Timeout expired.  The timeout period elapsed prior to obtaining a connection from the pool.  This may have occurred because all pooled connections were in use and max pool size was reached."
>> TerminatingError(): "Timeout expired.  The timeout period elapsed prior to obtaining a connection from the pool.  This may have occurred because all pooled connections were in use and max pool size was reached."
PS>TerminatingError(): "Timeout expired.  The timeout period elapsed prior to obtaining a connection from the pool.  This may have occurred because all pooled connections were in use and max pool size was reached."
>> TerminatingError(): "Timeout expired.  The timeout period elapsed prior to obtaining a connection from the pool.  This may have occurred because all pooled connections were in use and max pool size was reached."
******FAILED PROCESSING C:\Repos\PyroADF\solution\ADF.procfwk\MetadataDB\Scripts\Metadata\TransferHelperObjects.sql FILE ******
Timeout expired.  The timeout period elapsed prior to obtaining a connection from the pool.  This may have occurred because all pooled connections were in use and max pool size was reached.
****************************************************************************************************
****** PROCESSING C:\Repos\PyroADF\solution\ADF.procfwk\MetadataDB\Scripts\Metadata\TransferReportingObjects.sql FILE ******
PS>TerminatingError(): "Timeout expired.  The timeout period elapsed prior to obtaining a connection from the pool.  This may have occurred because all pooled connections were in use and max pool size was reached."
>> TerminatingError(): "Timeout expired.  The timeout period elapsed prior to obtaining a connection from the pool.  This may have occurred because all pooled connections were in use and max pool size was reached."
PS>TerminatingError(): "Timeout expired.  The timeout period elapsed prior to obtaining a connection from the pool.  This may have occurred because all pooled connections were in use and max pool size was reached."
>> TerminatingError(): "Timeout expired.  The timeout period elapsed prior to obtaining a connection from the pool.  This may have occurred because all pooled connections were in use and max pool size was reached."
******FAILED PROCESSING C:\Repos\PyroADF\solution\ADF.procfwk\MetadataDB\Scripts\Metadata\TransferReportingObjects.sql FILE ******
Timeout expired.  The timeout period elapsed prior to obtaining a connection from the pool.  This may have occurred because all pooled connections were in use and max pool size was reached.
****************************************************************************************************
****** PROCESSING C:\Repos\PyroADF\solution\ADF.procfwk\MetadataDB\Scripts\Script.PostDeployment.sql FILE ******
PS>TerminatingError(): "Timeout expired.  The timeout period elapsed prior to obtaining a connection from the pool.  This may have occurred because all pooled connections were in use and max pool size was reached."
>> TerminatingError(): "Timeout expired.  The timeout period elapsed prior to obtaining a connection from the pool.  This may have occurred because all pooled connections were in use and max pool size was reached."
PS>TerminatingError(): "Timeout expired.  The timeout period elapsed prior to obtaining a connection from the pool.  This may have occurred because all pooled connections were in use and max pool size was reached."
>> TerminatingError(): "Timeout expired.  The timeout period elapsed prior to obtaining a connection from the pool.  This may have occurred because all pooled connections were in use and max pool size was reached."
******FAILED PROCESSING C:\Repos\PyroADF\solution\ADF.procfwk\MetadataDB\Scripts\Script.PostDeployment.sql FILE ******
Timeout expired.  The timeout period elapsed prior to obtaining a connection from the pool.  This may have occurred because all pooled connections were in use and max pool size was reached.
****************************************************************************************************
****** PROCESSING C:\Repos\PyroADF\solution\ADF.procfwk\MetadataDB\Scripts\Script.PreDeployment.sql FILE ******
PS>TerminatingError(): "Timeout expired.  The timeout period elapsed prior to obtaining a connection from the pool.  This may have occurred because all pooled connections were in use and max pool size was reached."
>> TerminatingError(): "Timeout expired.  The timeout period elapsed prior to obtaining a connection from the pool.  This may have occurred because all pooled connections were in use and max pool size was reached."
PS>TerminatingError(): "Timeout expired.  The timeout period elapsed prior to obtaining a connection from the pool.  This may have occurred because all pooled connections were in use and max pool size was reached."
>> TerminatingError(): "Timeout expired.  The timeout period elapsed prior to obtaining a connection from the pool.  This may have occurred because all pooled connections were in use and max pool size was reached."
******FAILED PROCESSING C:\Repos\PyroADF\solution\ADF.procfwk\MetadataDB\Scripts\Script.PreDeployment.sql FILE ******
Timeout expired.  The timeout period elapsed prior to obtaining a connection from the pool.  This may have occurred because all pooled connections were in use and max pool size was reached.
****************************************************************************************************
****** PROCESSING C:\Repos\PyroADF\solution\ADF.procfwk\MetadataDB\Scripts\Script.SetLocalAuthenticationDetails.sql FILE ******
PS>TerminatingError(): "Timeout expired.  The timeout period elapsed prior to obtaining a connection from the pool.  This may have occurred because all pooled connections were in use and max pool size was reached."
>> TerminatingError(): "Timeout expired.  The timeout period elapsed prior to obtaining a connection from the pool.  This may have occurred because all pooled connections were in use and max pool size was reached."
PS>TerminatingError(): "Timeout expired.  The timeout period elapsed prior to obtaining a connection from the pool.  This may have occurred because all pooled connections were in use and max pool size was reached."
>> TerminatingError(): "Timeout expired.  The timeout period elapsed prior to obtaining a connection from the pool.  This may have occurred because all pooled connections were in use and max pool size was reached."
******FAILED PROCESSING C:\Repos\PyroADF\solution\ADF.procfwk\MetadataDB\Scripts\Script.SetLocalAuthenticationDetails.sql FILE ******
Timeout expired.  The timeout period elapsed prior to obtaining a connection from the pool.  This may have occurred because all pooled connections were in use and max pool size was reached.
****************************************************************************************************
****** PROCESSING C:\Repos\PyroADF\solution\ADF.procfwk\MetadataDB\Security\adf_procfwkuser.sql FILE ******
PS>TerminatingError(): "The pipeline has been stopped."
>> TerminatingError(): "The pipeline has been stopped."
>> TerminatingError(): "The pipeline has been stopped."
>> TerminatingError(): "The pipeline has been stopped."
>> @{ 'computerName' = if ([Environment]::MachineName) {[Environment]::MachineName}  else {'localhost'}; 'processId' = $PID; 'instanceId' = $host.InstanceId }

Name                           Value
----                           -----
instanceId                     80169681-5102-409f-a14e-b23adc3224c5
processId                      28404
computerName                   PYROMANIAC




efras@PYROMANIAC

C:\Repos\PyroPS\Database\SQL Server\Deployment

[195G
[01:30]

PS

 ]2;C:\...\SQL Server\Deployment]9;9;"C:\Repos\PyroPS\Database\SQL Server\Deployment"
